[GIN-debug] [WARNING] Running in "debug" mode. Switch to "release" mode in production.
 - using env:	export GIN_MODE=release
 - using code:	gin.SetMode(gin.ReleaseMode)

Running in debug mode
[GIN-debug] GET    /api/docs                 --> astro-backend/router.RouterManager.func1 (5 handlers)
[GIN-debug] GET    /api/docs/*.any           --> github.com/swaggo/gin-swagger.CustomWrapHandler.func1 (5 handlers)
[GIN-debug] GET    /api                      --> astro-backend/router.RouterManager.func2 (5 handlers)
[GIN-debug] POST   /api/auth/login           --> astro-backend/internal/auth.(*AuthHandler).LoginHandler-fm (5 handlers)
[GIN-debug] POST   /api/auth/refresh-token   --> astro-backend/internal/auth.(*AuthHandler).RefreshTokenHandler-fm (6 handlers)
[GIN-debug] POST   /api/auth/logout          --> astro-backend/internal/auth.(*AuthHandler).LogoutHandler-fm (6 handlers)
[GIN-debug] POST   /api/audits/export        --> astro-backend/internal/audit.(*AuditHandler).ExportAuditHandler-fm (7 handlers)
[GIN-debug] GET    /api/audits/              --> astro-backend/internal/audit.(*AuditHandler).GetAuditsHandler-fm (8 handlers)
[GIN-debug] GET    /api/audits/:id           --> astro-backend/internal/audit.(*AuditHandler).GetAuditByIDHandler-fm (8 handlers)
[GIN-debug] GET    /api/modules/             --> astro-backend/internal/module.(*ModuleHandler).GetAllModulesHandler-fm (6 handlers)
[GIN-debug] GET    /api/roles/               --> astro-backend/internal/role.(*RoleHandler).GetAllRolesHandler-fm (7 handlers)
[GIN-debug] POST   /api/roles/               --> astro-backend/internal/role.(*RoleHandler).CreateRoleHandler-fm (8 handlers)
[GIN-debug] GET    /api/roles/:id            --> astro-backend/internal/role.(*RoleHandler).GetRoleByIDHandler-fm (8 handlers)
[GIN-debug] DELETE /api/roles/:id            --> astro-backend/internal/role.(*RoleHandler).DeleteRoleHandler-fm (8 handlers)
[GIN-debug] PUT    /api/roles/:id            --> astro-backend/internal/role.(*RoleHandler).UpdateRoleHandler-fm (8 handlers)
[GIN-debug] POST   /api/users/export         --> astro-backend/internal/user.(*UserHandler).ExportUserHandler-fm (7 handlers)
[GIN-debug] PUT    /api/users/:id/password   --> astro-backend/internal/user.(*UserHandler).UpdateUserPasswordHandler-fm (7 handlers)
[GIN-debug] POST   /api/users/               --> astro-backend/internal/user.(*UserHandler).CreateUserHandler-fm (8 handlers)
[GIN-debug] GET    /api/users/               --> astro-backend/internal/user.(*UserHandler).GetAllUsersHandler-fm (8 handlers)
[GIN-debug] GET    /api/users/:id            --> astro-backend/internal/user.(*UserHandler).GetUserByIDHandler-fm (8 handlers)
[GIN-debug] PUT    /api/users/:id            --> astro-backend/internal/user.(*UserHandler).UpdateUserHandler-fm (8 handlers)
[GIN-debug] DELETE /api/users/:id            --> astro-backend/internal/user.(*UserHandler).DeleteUserHandler-fm (8 handlers)
[GIN-debug] GET    /api/settings/            --> astro-backend/internal/setting.(*SettingHandler).GetSettingsHandler-fm (8 handlers)
[GIN-debug] POST   /api/settings/            --> astro-backend/internal/setting.(*SettingHandler).CreateSettingHandler-fm (8 handlers)
[GIN-debug] PUT    /api/settings/:group/:key --> astro-backend/internal/setting.(*SettingHandler).UpdateSettingHandler-fm (8 handlers)
[GIN-debug] GET    /api/degrees/             --> astro-backend/internal/degree.(*DegreeHandler).GetAllDegreesHandler-fm (7 handlers)
[GIN-debug] POST   /api/degrees/             --> astro-backend/internal/degree.(*DegreeHandler).CreateDegreeHandler-fm (8 handlers)
[GIN-debug] GET    /api/degrees/:id          --> astro-backend/internal/degree.(*DegreeHandler).GetDegreeByIDHandler-fm (8 handlers)
[GIN-debug] DELETE /api/degrees/:id          --> astro-backend/internal/degree.(*DegreeHandler).DeleteDegreeHandler-fm (8 handlers)
[GIN-debug] PUT    /api/degrees/:id          --> astro-backend/internal/degree.(*DegreeHandler).UpdateDegreeHandler-fm (8 handlers)
[GIN-debug] GET    /api/technologies/        --> astro-backend/internal/technology.(*TechnologyHandler).GetAllTechnologiesHandler-fm (7 handlers)
[GIN-debug] POST   /api/technologies/        --> astro-backend/internal/technology.(*TechnologyHandler).CreateTechnologyHandler-fm (8 handlers)
[GIN-debug] GET    /api/technologies/:id     --> astro-backend/internal/technology.(*TechnologyHandler).GetTechnologyByIDHandler-fm (8 handlers)
[GIN-debug] DELETE /api/technologies/:id     --> astro-backend/internal/technology.(*TechnologyHandler).DeleteTechnologyHandler-fm (8 handlers)
[GIN-debug] PUT    /api/technologies/:id     --> astro-backend/internal/technology.(*TechnologyHandler).UpdateTechnologyHandler-fm (8 handlers)
[GIN-debug] GET    /api/profiles/            --> astro-backend/internal/profile.(*ProfileHandler).GetAllProfilesHandler-fm (7 handlers)
[GIN-debug] POST   /api/profiles/            --> astro-backend/internal/profile.(*ProfileHandler).CreateProfileHandler-fm (8 handlers)
[GIN-debug] GET    /api/profiles/:id         --> astro-backend/internal/profile.(*ProfileHandler).GetProfileByIDHandler-fm (8 handlers)
[GIN-debug] DELETE /api/profiles/:id         --> astro-backend/internal/profile.(*ProfileHandler).DeleteProfileHandler-fm (8 handlers)
[GIN-debug] PUT    /api/profiles/:id         --> astro-backend/internal/profile.(*ProfileHandler).UpdateProfileHandler-fm (8 handlers)
[GIN-debug] GET    /api/durations/           --> astro-backend/internal/duration.(*DurationHandler).GetAllDurationsHandler-fm (7 handlers)
[GIN-debug] POST   /api/durations/           --> astro-backend/internal/duration.(*DurationHandler).CreateDurationHandler-fm (8 handlers)
[GIN-debug] GET    /api/durations/:id        --> astro-backend/internal/duration.(*DurationHandler).GetDurationByIDHandler-fm (8 handlers)
[GIN-debug] DELETE /api/durations/:id        --> astro-backend/internal/duration.(*DurationHandler).DeleteDurationHandler-fm (8 handlers)
[GIN-debug] PUT    /api/durations/:id        --> astro-backend/internal/duration.(*DurationHandler).UpdateDurationHandler-fm (8 handlers)
[GIN-debug] GET    /api/types/               --> astro-backend/internal/type.(*TypeHandler).GetAllTypesHandler-fm (7 handlers)
[GIN-debug] POST   /api/types/               --> astro-backend/internal/type.(*TypeHandler).CreateTypeHandler-fm (8 handlers)
[GIN-debug] GET    /api/types/:id            --> astro-backend/internal/type.(*TypeHandler).GetTypeByIDHandler-fm (8 handlers)
[GIN-debug] DELETE /api/types/:id            --> astro-backend/internal/type.(*TypeHandler).DeleteTypeHandler-fm (8 handlers)
[GIN-debug] PUT    /api/types/:id            --> astro-backend/internal/type.(*TypeHandler).UpdateTypeHandler-fm (8 handlers)
[GIN-debug] GET    /api/subjects/            --> astro-backend/internal/subject.(*SubjectHandler).GetAllSubjectsHandler-fm (7 handlers)
[GIN-debug] POST   /api/subjects/            --> astro-backend/internal/subject.(*SubjectHandler).CreateSubjectHandler-fm (8 handlers)
[GIN-debug] GET    /api/subjects/:id         --> astro-backend/internal/subject.(*SubjectHandler).GetSubjectByIDHandler-fm (8 handlers)
[GIN-debug] DELETE /api/subjects/:id         --> astro-backend/internal/subject.(*SubjectHandler).DeleteSubjectHandler-fm (8 handlers)
[GIN-debug] PUT    /api/subjects/:id         --> astro-backend/internal/subject.(*SubjectHandler).UpdateSubjectHandler-fm (8 handlers)
[GIN-debug] GET    /api/candidatures/        --> astro-backend/internal/candidature.(*CandidatureHandler).GetAllHandler-fm (7 handlers)
[GIN-debug] POST   /api/candidatures/        --> astro-backend/internal/candidature.(*CandidatureHandler).CreateHandler-fm (8 handlers)
[GIN-debug] GET    /api/candidatures/:id     --> astro-backend/internal/candidature.(*CandidatureHandler).GetByIDHandler-fm (8 handlers)
[GIN-debug] PUT    /api/candidatures/:id     --> astro-backend/internal/candidature.(*CandidatureHandler).UpdateHandler-fm (8 handlers)
[GIN-debug] DELETE /api/candidatures/:id     --> astro-backend/internal/candidature.(*CandidatureHandler).DeleteHandler-fm (8 handlers)
[GIN-debug] [WARNING] You trusted all proxies, this is NOT safe. We recommend you to set a value.
Please check https://github.com/gin-gonic/gin/blob/master/docs/doc.md#dont-trust-all-proxies for details.
[GIN-debug] Listening and serving HTTP on 0.0.0.0:8300
